#
# There is insufficient memory for the Java Runtime Environment to continue.
# Native memory allocation (malloc) failed to allocate 112197632 bytes for committing reserved memory.
# Possible reasons:
#   The system is out of physical RAM or swap space
#   In 32 bit mode, the process size limit was hit
# Possible solutions:
#   Reduce memory load on the system
#   Increase physical memory or swap space
#   Check if swap backing store is full
#   Use 64 bit Java on a 64 bit OS
#   Decrease Java heap size (-Xmx/-Xms)
#   Decrease number of Java threads
#   Decrease Java thread stack sizes (-Xss)
#   Set larger code cache with -XX:ReservedCodeCacheSize=
# This output file may be truncated or incomplete.
#
#  Out of Memory Error (os_linux.cpp:2756), pid=6498, tid=139904142628608
#
# JRE version: Java(TM) SE Runtime Environment (7.0_72-b14) (build 1.7.0_72-b14)
# Java VM: Java HotSpot(TM) 64-Bit Server VM (24.72-b04 mixed mode linux-amd64 compressed oops)
# Failed to write core dump. Core dumps have been disabled. To enable core dumping, try "ulimit -c unlimited" before starting Java again
#

---------------  T H R E A D  ---------------

Current thread (0x00007f3df4065000):  VMThread [stack: 0x00007f3df8a95000,0x00007f3df8b96000] [id=6507]

Stack: [0x00007f3df8a95000,0x00007f3df8b96000],  sp=0x00007f3df8b94340,  free space=1020k
Native frames: (J=compiled Java code, j=interpreted, Vv=VM code, C=native code)
V  [libjvm.so+0x9a10fa]  VMError::report_and_die()+0x2ea
V  [libjvm.so+0x49755b]  report_vm_out_of_memory(char const*, int, unsigned long, char const*)+0x9b
V  [libjvm.so+0x81ec4e]  os::Linux::commit_memory_impl(char*, unsigned long, bool)+0xfe
V  [libjvm.so+0x81f199]  os::pd_commit_memory(char*, unsigned long, unsigned long, bool)+0x29
V  [libjvm.so+0x818f2a]  os::commit_memory(char*, unsigned long, unsigned long, bool)+0x2a
V  [libjvm.so+0x88ba53]  PSVirtualSpace::expand_by(unsigned long)+0x53
V  [libjvm.so+0x88ce28]  PSYoungGen::resize_generation(unsigned long, unsigned long)+0xf8
V  [libjvm.so+0x88bf92]  PSYoungGen::resize(unsigned long, unsigned long)+0x22
V  [libjvm.so+0x8893e3]  PSScavenge::invoke_no_policy()+0xfb3
V  [libjvm.so+0x889b91]  PSScavenge::invoke()+0x41
V  [libjvm.so+0x8407c0]  ParallelScavengeHeap::failed_mem_allocate(unsigned long)+0x70
V  [libjvm.so+0x9a2987]  VM_ParallelGCFailedAllocation::doit()+0x97
V  [libjvm.so+0x9a9e25]  VM_Operation::evaluate()+0x55
V  [libjvm.so+0x9a81ea]  VMThread::evaluate_operation(VM_Operation*)+0xba
V  [libjvm.so+0x9a856e]  VMThread::loop()+0x1ce
V  [libjvm.so+0x9a89e0]  VMThread::run()+0x70
V  [libjvm.so+0x820c28]  java_start(Thread*)+0x108

VM_Operation (0x00007f3dfcda44f0): ParallelGCFailedAllocation, mode: safepoint, requested by thread 0x00007f3df400a000


---------------  P R O C E S S  ---------------

Java Threads: ( => current thread )
  0x00007f3df4094800 JavaThread "Service Thread" daemon [_thread_blocked, id=6513, stack(0x00007f3deeb3c000,0x00007f3deec3d000)]
  0x00007f3df4092800 JavaThread "C2 CompilerThread1" daemon [_thread_blocked, id=6512, stack(0x00007f3deec3d000,0x00007f3deed3e000)]
  0x00007f3df408f800 JavaThread "C2 CompilerThread0" daemon [_thread_blocked, id=6511, stack(0x00007f3deed3e000,0x00007f3deee3f000)]
  0x00007f3df408d000 JavaThread "Signal Dispatcher" daemon [_thread_blocked, id=6510, stack(0x00007f3deee3f000,0x00007f3deef40000)]
  0x00007f3df406b800 JavaThread "Finalizer" daemon [_thread_blocked, id=6509, stack(0x00007f3df8893000,0x00007f3df8994000)]
  0x00007f3df4069800 JavaThread "Reference Handler" daemon [_thread_blocked, id=6508, stack(0x00007f3df8994000,0x00007f3df8a95000)]
  0x00007f3df400a000 JavaThread "main" [_thread_blocked, id=6504, stack(0x00007f3dfcca5000,0x00007f3dfcda6000)]

Other Threads:
=>0x00007f3df4065000 VMThread [stack: 0x00007f3df8a95000,0x00007f3df8b96000] [id=6507]
  0x00007f3df409f000 WatcherThread [stack: 0x00007f3deea3b000,0x00007f3deeb3c000] [id=6514]

VM state:at safepoint (normal execution)

VM Mutex/Monitor currently owned by a thread:  ([mutex/lock_event])
[0x00007f3df40060f0] Threads_lock - owner thread: 0x00007f3df4065000
[0x00007f3df40065f0] Heap_lock - owner thread: 0x00007f3df400a000

Heap
 PSYoungGen      total 138240K, used 67584K [0x00000000ebe00000, 0x00000000f9480000, 0x0000000100000000)
  eden space 70656K, 0% used [0x00000000ebe00000,0x00000000ebe00000,0x00000000f0300000)
  from space 67584K, 100% used [0x00000000f0300000,0x00000000f4500000,0x00000000f4500000)
  to   space 56320K, 0% used [0x00000000f4500000,0x00000000f4500000,0x00000000f7c00000)
 ParOldGen       total 244224K, used 208884K [0x00000000c3a00000, 0x00000000d2880000, 0x00000000ebe00000)
  object space 244224K, 85% used [0x00000000c3a00000,0x00000000d05fd398,0x00000000d2880000)
 PSPermGen       total 21504K, used 2517K [0x00000000be800000, 0x00000000bfd00000, 0x00000000c3a00000)
  object space 21504K, 11% used [0x00000000be800000,0x00000000bea75470,0x00000000bfd00000)

Card table byte_map: [0x00007f3df9d7f000,0x00007f3df9f8c000] byte_map_base: 0x00007f3df978b000

Polling page: 0x00007f3dfcdbf000

Code Cache  [0x00007f3df1000000, 0x00007f3df1270000, 0x00007f3df4000000)
 total_blobs=192 nmethods=10 adapters=137 free_code_cache=48759Kb largest_free_block=49917120

Compilation events (10 events):
Event: 1,393 Thread 0x00007f3df4092800    6             wsn.Chromosome::setA (10 bytes)
Event: 1,394 Thread 0x00007f3df4092800 nmethod 6 0x00007f3df105fa50 code [0x00007f3df105fba0, 0x00007f3df105fc78]
Event: 1,394 Thread 0x00007f3df4092800    7 %           wsn.Chromosome::getTotal @ 18 (79 bytes)
Event: 1,404 Thread 0x00007f3df4092800 nmethod 7% 0x00007f3df105ef50 code [0x00007f3df105f0e0, 0x00007f3df105f4a8]
Event: 1,406 Thread 0x00007f3df408f800    8             wsn.Chromosome::getTotal (79 bytes)
Event: 1,410 Thread 0x00007f3df408f800 nmethod 8 0x00007f3df1063290 code [0x00007f3df1063400, 0x00007f3df1063688]
Event: 1,412 Thread 0x00007f3df4092800    9             wsn.Chromosome::totalValue (47 bytes)
Event: 1,415 Thread 0x00007f3df4092800 nmethod 9 0x00007f3df1062ed0 code [0x00007f3df1063020, 0x00007f3df10631b8]
Event: 1,415 Thread 0x00007f3df408f800   10 %           wsn.Chromosome::totalValue @ 12 (47 bytes)
Event: 1,418 Thread 0x00007f3df408f800 nmethod 10% 0x00007f3df1062ad0 code [0x00007f3df1062c20, 0x00007f3df1062d78]

GC Heap History (10 events):
Event: 0,988 GC heap after
Heap after GC invocations=6 (full 2):
 PSYoungGen      total 55808K, used 2560K [0x00000000ebe00000, 0x00000000efa00000, 0x0000000100000000)
  eden space 53248K, 0% used [0x00000000ebe00000,0x00000000ebe00000,0x00000000ef200000)
  from space 2560K, 100% used [0x00000000ef780000,0x00000000efa00000,0x00000000efa00000)
  to   space 2560K, 0% used [0x00000000ef500000,0x00000000ef500000,0x00000000ef780000)
 ParOldGen       total 119808K, used 91974K [0x00000000c3a00000, 0x00000000caf00000, 0x00000000ebe00000)
  object space 119808K, 76% used [0x00000000c3a00000,0x00000000c93d1978,0x00000000caf00000)
 PSPermGen       total 21504K, used 2456K [0x00000000be800000, 0x00000000bfd00000, 0x00000000c3a00000)
  object space 21504K, 11% used [0x00000000be800000,0x00000000bea66020,0x00000000bfd00000)
}
Event: 0,988 GC heap before
{Heap before GC invocations=7 (full 3):
 PSYoungGen      total 55808K, used 2560K [0x00000000ebe00000, 0x00000000efa00000, 0x0000000100000000)
  eden space 53248K, 0% used [0x00000000ebe00000,0x00000000ebe00000,0x00000000ef200000)
  from space 2560K, 100% used [0x00000000ef780000,0x00000000efa00000,0x00000000efa00000)
  to   space 2560K, 0% used [0x00000000ef500000,0x00000000ef500000,0x00000000ef780000)
 ParOldGen       total 119808K, used 91974K [0x00000000c3a00000, 0x00000000caf00000, 0x00000000ebe00000)
  object space 119808K, 76% used [0x00000000c3a00000,0x00000000c93d1978,0x00000000caf00000)
 PSPermGen       total 21504K, used 2456K [0x00000000be800000, 0x00000000bfd00000, 0x00000000c3a00000)
  object space 21504K, 11% used [0x00000000be800000,0x00000000bea66020,0x00000000bfd00000)
Event: 1,120 GC heap after
Heap after GC invocations=7 (full 3):
 PSYoungGen      total 55808K, used 0K [0x00000000ebe00000, 0x00000000efa00000, 0x0000000100000000)
  eden space 53248K, 0% used [0x00000000ebe00000,0x00000000ebe00000,0x00000000ef200000)
  from space 2560K, 0% used [0x00000000ef780000,0x00000000ef780000,0x00000000efa00000)
  to   space 2560K, 0% used [0x00000000ef500000,0x00000000ef500000,0x00000000ef780000)
 ParOldGen       total 163840K, used 93875K [0x00000000c3a00000, 0x00000000cda00000, 0x00000000ebe00000)
  object space 163840K, 57% used [0x00000000c3a00000,0x00000000c95acee8,0x00000000cda00000)
 PSPermGen       total 21504K, used 2456K [0x00000000be800000, 0x00000000bfd00000, 0x00000000c3a00000)
  object space 21504K, 11% used [0x00000000be800000,0x00000000bea66020,0x00000000bfd00000)
}
Event: 1,205 GC heap before
{Heap before GC invocations=8 (full 3):
 PSYoungGen      total 55808K, used 53248K [0x00000000ebe00000, 0x00000000efa00000, 0x0000000100000000)
  eden space 53248K, 100% used [0x00000000ebe00000,0x00000000ef200000,0x00000000ef200000)
  from space 2560K, 0% used [0x00000000ef780000,0x00000000ef780000,0x00000000efa00000)
  to   space 2560K, 0% used [0x00000000ef500000,0x00000000ef500000,0x00000000ef780000)
 ParOldGen       total 163840K, used 93875K [0x00000000c3a00000, 0x00000000cda00000, 0x00000000ebe00000)
  object space 163840K, 57% used [0x00000000c3a00000,0x00000000c95acee8,0x00000000cda00000)
 PSPermGen       total 21504K, used 2456K [0x00000000be800000, 0x00000000bfd00000, 0x00000000c3a00000)
  object space 21504K, 11% used [0x00000000be800000,0x00000000bea66020,0x00000000bfd00000)
Event: 1,265 GC heap after
Heap after GC invocations=8 (full 3):
 PSYoungGen      total 58880K, used 2560K [0x00000000ebe00000, 0x00000000f7c00000, 0x0000000100000000)
  eden space 56320K, 0% used [0x00000000ebe00000,0x00000000ebe00000,0x00000000ef500000)
  from space 2560K, 100% used [0x00000000ef500000,0x00000000ef780000,0x00000000ef780000)
  to   space 56320K, 0% used [0x00000000f4500000,0x00000000f4500000,0x00000000f7c00000)
 ParOldGen       total 163840K, used 145579K [0x00000000c3a00000, 0x00000000cda00000, 0x00000000ebe00000)
  object space 163840K, 88% used [0x00000000c3a00000,0x00000000cc82aee8,0x00000000cda00000)
 PSPermGen       total 21504K, used 2456K [0x00000000be800000, 0x00000000bfd00000, 0x00000000c3a00000)
  object space 21504K, 11% used [0x00000000be800000,0x00000000bea66020,0x00000000bfd00000)
}
Event: 1,265 GC heap before
{Heap before GC invocations=9 (full 4):
 PSYoungGen      total 58880K, used 2560K [0x00000000ebe00000, 0x00000000f7c00000, 0x0000000100000000)
  eden space 56320K, 0% used [0x00000000ebe00000,0x00000000ebe00000,0x00000000ef500000)
  from space 2560K, 100% used [0x00000000ef500000,0x00000000ef780000,0x00000000ef780000)
  to   space 56320K, 0% used [0x00000000f4500000,0x00000000f4500000,0x00000000f7c00000)
 ParOldGen       total 163840K, used 145579K [0x00000000c3a00000, 0x00000000cda00000, 0x00000000ebe00000)
  object space 163840K, 88% used [0x00000000c3a00000,0x00000000cc82aee8,0x00000000cda00000)
 PSPermGen       total 21504K, used 2456K [0x00000000be800000, 0x00000000bfd00000, 0x00000000c3a00000)
  object space 21504K, 11% used [0x00000000be800000,0x00000000bea66020,0x00000000bfd00000)
Event: 1,360 GC heap after
Heap after GC invocations=9 (full 4):
 PSYoungGen      total 58880K, used 0K [0x00000000ebe00000, 0x00000000f7c00000, 0x0000000100000000)
  eden space 56320K, 0% used [0x00000000ebe00000,0x00000000ebe00000,0x00000000ef500000)
  from space 2560K, 0% used [0x00000000ef500000,0x00000000ef500000,0x00000000ef780000)
  to   space 56320K, 0% used [0x00000000f4500000,0x00000000f4500000,0x00000000f7c00000)
 ParOldGen       total 244224K, used 147036K [0x00000000c3a00000, 0x00000000d2880000, 0x00000000ebe00000)
  object space 244224K, 60% used [0x00000000c3a00000,0x00000000cc997398,0x00000000d2880000)
 PSPermGen       total 21504K, used 2456K [0x00000000be800000, 0x00000000bfd00000, 0x00000000c3a00000)
  object space 21504K, 11% used [0x00000000be800000,0x00000000bea66020,0x00000000bfd00000)
}
Event: 1,644 GC heap before
{Heap before GC invocations=10 (full 4):
 PSYoungGen      total 58880K, used 56320K [0x00000000ebe00000, 0x00000000f7c00000, 0x0000000100000000)
  eden space 56320K, 100% used [0x00000000ebe00000,0x00000000ef500000,0x00000000ef500000)
  from space 2560K, 0% used [0x00000000ef500000,0x00000000ef500000,0x00000000ef780000)
  to   space 56320K, 0% used [0x00000000f4500000,0x00000000f4500000,0x00000000f7c00000)
 ParOldGen       total 244224K, used 147036K [0x00000000c3a00000, 0x00000000d2880000, 0x00000000ebe00000)
  object space 244224K, 60% used [0x00000000c3a00000,0x00000000cc997398,0x00000000d2880000)
 PSPermGen       total 21504K, used 2517K [0x00000000be800000, 0x00000000bfd00000, 0x00000000c3a00000)
  object space 21504K, 11% used [0x00000000be800000,0x00000000bea75470,0x00000000bfd00000)
Event: 1,744 GC heap after
Heap after GC invocations=10 (full 4):
 PSYoungGen      total 126976K, used 56320K [0x00000000ebe00000, 0x00000000f9480000, 0x0000000100000000)
  eden space 70656K, 0% used [0x00000000ebe00000,0x00000000ebe00000,0x00000000f0300000)
  from space 56320K, 100% used [0x00000000f4500000,0x00000000f7c00000,0x00000000f7c00000)
  to   space 67584K, 0% used [0x00000000f0300000,0x00000000f0300000,0x00000000f4500000)
 ParOldGen       total 244224K, used 148052K [0x00000000c3a00000, 0x00000000d2880000, 0x00000000ebe00000)
  object space 244224K, 60% used [0x00000000c3a00000,0x00000000cca95398,0x00000000d2880000)
 PSPermGen       total 21504K, used 2517K [0x00000000be800000, 0x00000000bfd00000, 0x00000000c3a00000)
  object space 21504K, 11% used [0x00000000be800000,0x00000000bea75470,0x00000000bfd00000)
}
Event: 1,801 GC heap before
{Heap before GC invocations=11 (full 4):
 PSYoungGen      total 126976K, used 126976K [0x00000000ebe00000, 0x00000000f9480000, 0x0000000100000000)
  eden space 70656K, 100% used [0x00000000ebe00000,0x00000000f0300000,0x00000000f0300000)
  from space 56320K, 100% used [0x00000000f4500000,0x00000000f7c00000,0x00000000f7c00000)
  to   space 67584K, 0% used [0x00000000f0300000,0x00000000f0300000,0x00000000f4500000)
 ParOldGen       total 244224K, used 148052K [0x00000000c3a00000, 0x00000000d2880000, 0x00000000ebe00000)
  object space 244224K, 60% used [0x00000000c3a00000,0x00000000cca95398,0x00000000d2880000)
 PSPermGen       total 21504K, used 2517K [0x00000000be800000, 0x00000000bfd00000, 0x00000000c3a00000)
  object space 21504K, 11% used [0x00000000be800000,0x00000000bea75470,0x00000000bfd00000)

Deoptimization events (0 events):
No events

Internal exceptions (6 events):
Event: 0,251 Thread 0x00007f3df400a000 Threw 0x00000000ebe0f248 at /HUDSON/workspace/7u-2-build-linux-amd64/jdk7u72/1606/hotspot/src/share/vm/prims/jni.cpp:3991
Event: 0,403 Thread 0x00007f3df400a000 Threw 0x00000000ebe469f8 at /HUDSON/workspace/7u-2-build-linux-amd64/jdk7u72/1606/hotspot/src/share/vm/prims/jvm.cpp:1281
Event: 0,431 Thread 0x00007f3df400a000 Threw 0x00000000ebe4cdb0 at /HUDSON/workspace/7u-2-build-linux-amd64/jdk7u72/1606/hotspot/src/share/vm/prims/jvm.cpp:1281
Event: 0,432 Thread 0x00007f3df400a000 Threw 0x00000000ebe4eb78 at /HUDSON/workspace/7u-2-build-linux-amd64/jdk7u72/1606/hotspot/src/share/vm/prims/jvm.cpp:1281
Event: 0,439 Thread 0x00007f3df400a000 Threw 0x00000000ec2325a8 at /HUDSON/workspace/7u-2-build-linux-amd64/jdk7u72/1606/hotspot/src/share/vm/prims/jvm.cpp:1281
Event: 1,627 Thread 0x00007f3df400a000 Threw 0x00000000eee7bac0 at /HUDSON/workspace/7u-2-build-linux-amd64/jdk7u72/1606/hotspot/src/share/vm/prims/jvm.cpp:1281

Events (10 events):
Event: 1,605 loading class 0x00007f3df409a1d0 done
Event: 1,605 loading class 0x00007f3df9784740
Event: 1,618 loading class 0x00007f3df9784740 done
Event: 1,618 loading class 0x00007f3df97a7de0
Event: 1,625 loading class 0x00007f3df97a7de0 done
Event: 1,627 loading class 0x00007f3df40add30
Event: 1,627 loading class 0x00007f3df40add30 done
Event: 1,644 Executing VM operation: ParallelGCFailedAllocation
Event: 1,744 Executing VM operation: ParallelGCFailedAllocation done
Event: 1,801 Executing VM operation: ParallelGCFailedAllocation


Dynamic libraries:
00400000-00401000 r-xp 00000000 08:07 4859807                            /usr/lib/jvm/java-7-oracle/bin/java
00600000-00601000 rw-p 00000000 08:07 4859807                            /usr/lib/jvm/java-7-oracle/bin/java
00ab1000-00ad2000 rw-p 00000000 00:00 0                                  [heap]
be800000-bfd00000 rw-p 00000000 00:00 0 
bfd00000-c3a00000 rw-p 00000000 00:00 0 
c3a00000-d2880000 rw-p 00000000 00:00 0 
d2880000-ebe00000 rw-p 00000000 00:00 0 
ebe00000-f9480000 rw-p 00000000 00:00 0 
fff80000-100000000 rw-p 00000000 00:00 0 
7f3dc0000000-7f3dc0021000 rw-p 00000000 00:00 0 
7f3dc0021000-7f3dc4000000 ---p 00000000 00:00 0 
7f3dc8000000-7f3dc8072000 rw-p 00000000 00:00 0 
7f3dc8072000-7f3dcc000000 ---p 00000000 00:00 0 
7f3dcc000000-7f3dcc021000 rw-p 00000000 00:00 0 
7f3dcc021000-7f3dd0000000 ---p 00000000 00:00 0 
7f3dd0000000-7f3dd0021000 rw-p 00000000 00:00 0 
7f3dd0021000-7f3dd4000000 ---p 00000000 00:00 0 
7f3dd4000000-7f3dd403d000 rw-p 00000000 00:00 0 
7f3dd403d000-7f3dd8000000 ---p 00000000 00:00 0 
7f3dd8000000-7f3dd8021000 rw-p 00000000 00:00 0 
7f3dd8021000-7f3ddc000000 ---p 00000000 00:00 0 
7f3ddc000000-7f3ddc021000 rw-p 00000000 00:00 0 
7f3ddc021000-7f3de0000000 ---p 00000000 00:00 0 
7f3de0000000-7f3de0021000 rw-p 00000000 00:00 0 
7f3de0021000-7f3de4000000 ---p 00000000 00:00 0 
7f3de4000000-7f3de4021000 rw-p 00000000 00:00 0 
7f3de4021000-7f3de8000000 ---p 00000000 00:00 0 
7f3de8000000-7f3de8021000 rw-p 00000000 00:00 0 
7f3de8021000-7f3dec000000 ---p 00000000 00:00 0 
7f3dee7f4000-7f3deea3b000 rw-p 00000000 00:00 0 
7f3deea3b000-7f3deea3c000 ---p 00000000 00:00 0 
7f3deea3c000-7f3deeb3c000 rw-p 00000000 00:00 0                          [stack:6514]
7f3deeb3c000-7f3deeb3f000 ---p 00000000 00:00 0 
7f3deeb3f000-7f3deec3d000 rw-p 00000000 00:00 0                          [stack:6513]
7f3deec3d000-7f3deec40000 ---p 00000000 00:00 0 
7f3deec40000-7f3deed3e000 rw-p 00000000 00:00 0                          [stack:6512]
7f3deed3e000-7f3deed41000 ---p 00000000 00:00 0 
7f3deed41000-7f3deee3f000 rw-p 00000000 00:00 0                          [stack:6511]
7f3deee3f000-7f3deee42000 ---p 00000000 00:00 0 
7f3deee42000-7f3df1000000 rw-p 00000000 00:00 0                          [stack:6510]
7f3df1000000-7f3df1270000 rwxp 00000000 00:00 0 
7f3df1270000-7f3df40b2000 rw-p 00000000 00:00 0 
7f3df40b2000-7f3df8000000 ---p 00000000 00:00 0 
7f3df8041000-7f3df8893000 r--p 00000000 08:07 4726151                    /usr/lib/locale/locale-archive
7f3df8893000-7f3df8896000 ---p 00000000 00:00 0 
7f3df8896000-7f3df8994000 rw-p 00000000 00:00 0                          [stack:6509]
7f3df8994000-7f3df8997000 ---p 00000000 00:00 0 
7f3df8997000-7f3df8a95000 rw-p 00000000 00:00 0                          [stack:6508]
7f3df8a95000-7f3df8a96000 ---p 00000000 00:00 0 
7f3df8a96000-7f3df954d000 rw-p 00000000 00:00 0                          [stack:6507]
7f3df954d000-7f3df970d000 r--s 039ea000 08:07 402553                     /usr/lib/jvm/java-7-oracle/jre/lib/rt.jar
7f3df970d000-7f3df9a12000 rw-p 00000000 00:00 0 
7f3df9a12000-7f3df9a13000 ---p 00000000 00:00 0 
7f3df9a13000-7f3df9b13000 rw-p 00000000 00:00 0                          [stack:6506]
7f3df9b13000-7f3df9b14000 ---p 00000000 00:00 0 
7f3df9b14000-7f3df9c1f000 rw-p 00000000 00:00 0                          [stack:6505]
7f3df9c1f000-7f3df9c3d000 rw-p 00000000 00:00 0 
7f3df9c3d000-7f3df9cb5000 rw-p 00000000 00:00 0 
7f3df9cb5000-7f3df9d7f000 rw-p 00000000 00:00 0 
7f3df9d7f000-7f3df9d8a000 rw-p 00000000 00:00 0 
7f3df9d8a000-7f3df9da8000 rw-p 00000000 00:00 0 
7f3df9da8000-7f3df9e20000 rw-p 00000000 00:00 0 
7f3df9e20000-7f3df9eea000 rw-p 00000000 00:00 0 
7f3df9eea000-7f3df9f56000 rw-p 00000000 00:00 0 
7f3df9f56000-7f3df9f8b000 rw-p 00000000 00:00 0 
7f3df9f8b000-7f3df9f8c000 rw-p 00000000 00:00 0 
7f3df9f8c000-7f3df9fa6000 r-xp 00000000 08:07 532712                     /usr/lib/jvm/java-7-oracle/jre/lib/amd64/libzip.so
7f3df9fa6000-7f3dfa1a6000 ---p 0001a000 08:07 532712                     /usr/lib/jvm/java-7-oracle/jre/lib/amd64/libzip.so
7f3dfa1a6000-7f3dfa1a7000 rw-p 0001a000 08:07 532712                     /usr/lib/jvm/java-7-oracle/jre/lib/amd64/libzip.so
7f3dfa1a7000-7f3dfa1b2000 r-xp 00000000 08:07 4063331                    /lib/x86_64-linux-gnu/libnss_files-2.19.so
7f3dfa1b2000-7f3dfa3b1000 ---p 0000b000 08:07 4063331                    /lib/x86_64-linux-gnu/libnss_files-2.19.so
7f3dfa3b1000-7f3dfa3b2000 r--p 0000a000 08:07 4063331                    /lib/x86_64-linux-gnu/libnss_files-2.19.so
7f3dfa3b2000-7f3dfa3b3000 rw-p 0000b000 08:07 4063331                    /lib/x86_64-linux-gnu/libnss_files-2.19.so
7f3dfa3b3000-7f3dfa3be000 r-xp 00000000 08:07 4063332                    /lib/x86_64-linux-gnu/libnss_nis-2.19.so
7f3dfa3be000-7f3dfa5bd000 ---p 0000b000 08:07 4063332                    /lib/x86_64-linux-gnu/libnss_nis-2.19.so
7f3dfa5bd000-7f3dfa5be000 r--p 0000a000 08:07 4063332                    /lib/x86_64-linux-gnu/libnss_nis-2.19.so
7f3dfa5be000-7f3dfa5bf000 rw-p 0000b000 08:07 4063332                    /lib/x86_64-linux-gnu/libnss_nis-2.19.so
7f3dfa5bf000-7f3dfa5d6000 r-xp 00000000 08:07 4063258                    /lib/x86_64-linux-gnu/libnsl-2.19.so
7f3dfa5d6000-7f3dfa7d5000 ---p 00017000 08:07 4063258                    /lib/x86_64-linux-gnu/libnsl-2.19.so
7f3dfa7d5000-7f3dfa7d6000 r--p 00016000 08:07 4063258                    /lib/x86_64-linux-gnu/libnsl-2.19.so
7f3dfa7d6000-7f3dfa7d7000 rw-p 00017000 08:07 4063258                    /lib/x86_64-linux-gnu/libnsl-2.19.so
7f3dfa7d7000-7f3dfa7d9000 rw-p 00000000 00:00 0 
7f3dfa7d9000-7f3dfa7e2000 r-xp 00000000 08:07 4063237                    /lib/x86_64-linux-gnu/libnss_compat-2.19.so
7f3dfa7e2000-7f3dfa9e1000 ---p 00009000 08:07 4063237                    /lib/x86_64-linux-gnu/libnss_compat-2.19.so
7f3dfa9e1000-7f3dfa9e2000 r--p 00008000 08:07 4063237                    /lib/x86_64-linux-gnu/libnss_compat-2.19.so
7f3dfa9e2000-7f3dfa9e3000 rw-p 00009000 08:07 4063237                    /lib/x86_64-linux-gnu/libnss_compat-2.19.so
7f3dfa9e3000-7f3dfaa0c000 r-xp 00000000 08:07 532710                     /usr/lib/jvm/java-7-oracle/jre/lib/amd64/libjava.so
7f3dfaa0c000-7f3dfac0c000 ---p 00029000 08:07 532710                     /usr/lib/jvm/java-7-oracle/jre/lib/amd64/libjava.so
7f3dfac0c000-7f3dfac0e000 rw-p 00029000 08:07 532710                     /usr/lib/jvm/java-7-oracle/jre/lib/amd64/libjava.so
7f3dfac0e000-7f3dfac1b000 r-xp 00000000 08:07 532696                     /usr/lib/jvm/java-7-oracle/jre/lib/amd64/libverify.so
7f3dfac1b000-7f3dfae1a000 ---p 0000d000 08:07 532696                     /usr/lib/jvm/java-7-oracle/jre/lib/amd64/libverify.so
7f3dfae1a000-7f3dfae1c000 rw-p 0000c000 08:07 532696                     /usr/lib/jvm/java-7-oracle/jre/lib/amd64/libverify.so
7f3dfae1c000-7f3dfae23000 r-xp 00000000 08:07 4063262                    /lib/x86_64-linux-gnu/librt-2.19.so
7f3dfae23000-7f3dfb022000 ---p 00007000 08:07 4063262                    /lib/x86_64-linux-gnu/librt-2.19.so
7f3dfb022000-7f3dfb023000 r--p 00006000 08:07 4063262                    /lib/x86_64-linux-gnu/librt-2.19.so
7f3dfb023000-7f3dfb024000 rw-p 00007000 08:07 4063262                    /lib/x86_64-linux-gnu/librt-2.19.so
7f3dfb024000-7f3dfb129000 r-xp 00000000 08:07 4063327                    /lib/x86_64-linux-gnu/libm-2.19.so
7f3dfb129000-7f3dfb328000 ---p 00105000 08:07 4063327                    /lib/x86_64-linux-gnu/libm-2.19.so
7f3dfb328000-7f3dfb329000 r--p 00104000 08:07 4063327                    /lib/x86_64-linux-gnu/libm-2.19.so
7f3dfb329000-7f3dfb32a000 rw-p 00105000 08:07 4063327                    /lib/x86_64-linux-gnu/libm-2.19.so
7f3dfb32a000-7f3dfbe9d000 r-xp 00000000 08:07 676743                     /usr/lib/jvm/java-7-oracle/jre/lib/amd64/server/libjvm.so
7f3dfbe9d000-7f3dfc09c000 ---p 00b73000 08:07 676743                     /usr/lib/jvm/java-7-oracle/jre/lib/amd64/server/libjvm.so
7f3dfc09c000-7f3dfc160000 rw-p 00b72000 08:07 676743                     /usr/lib/jvm/java-7-oracle/jre/lib/amd64/server/libjvm.so
7f3dfc160000-7f3dfc1a1000 rw-p 00000000 00:00 0 
7f3dfc1a1000-7f3dfc35c000 r-xp 00000000 08:07 4063324                    /lib/x86_64-linux-gnu/libc-2.19.so
7f3dfc35c000-7f3dfc55c000 ---p 001bb000 08:07 4063324                    /lib/x86_64-linux-gnu/libc-2.19.so
7f3dfc55c000-7f3dfc560000 r--p 001bb000 08:07 4063324                    /lib/x86_64-linux-gnu/libc-2.19.so
7f3dfc560000-7f3dfc562000 rw-p 001bf000 08:07 4063324                    /lib/x86_64-linux-gnu/libc-2.19.so
7f3dfc562000-7f3dfc567000 rw-p 00000000 00:00 0 
7f3dfc567000-7f3dfc56a000 r-xp 00000000 08:07 4063336                    /lib/x86_64-linux-gnu/libdl-2.19.so
7f3dfc56a000-7f3dfc769000 ---p 00003000 08:07 4063336                    /lib/x86_64-linux-gnu/libdl-2.19.so
7f3dfc769000-7f3dfc76a000 r--p 00002000 08:07 4063336                    /lib/x86_64-linux-gnu/libdl-2.19.so
7f3dfc76a000-7f3dfc76b000 rw-p 00003000 08:07 4063336                    /lib/x86_64-linux-gnu/libdl-2.19.so
7f3dfc76b000-7f3dfc781000 r-xp 00000000 08:07 1194895                    /usr/lib/jvm/java-7-oracle/lib/amd64/jli/libjli.so
7f3dfc781000-7f3dfc981000 ---p 00016000 08:07 1194895                    /usr/lib/jvm/java-7-oracle/lib/amd64/jli/libjli.so
7f3dfc981000-7f3dfc982000 rw-p 00016000 08:07 1194895                    /usr/lib/jvm/java-7-oracle/lib/amd64/jli/libjli.so
7f3dfc982000-7f3dfc99b000 r-xp 00000000 08:07 4067212                    /lib/x86_64-linux-gnu/libpthread-2.19.so
7f3dfc99b000-7f3dfcb9a000 ---p 00019000 08:07 4067212                    /lib/x86_64-linux-gnu/libpthread-2.19.so
7f3dfcb9a000-7f3dfcb9b000 r--p 00018000 08:07 4067212                    /lib/x86_64-linux-gnu/libpthread-2.19.so
7f3dfcb9b000-7f3dfcb9c000 rw-p 00019000 08:07 4067212                    /lib/x86_64-linux-gnu/libpthread-2.19.so
7f3dfcb9c000-7f3dfcba0000 rw-p 00000000 00:00 0 
7f3dfcba0000-7f3dfcbc3000 r-xp 00000000 08:07 4063325                    /lib/x86_64-linux-gnu/ld-2.19.so
7f3dfcbd0000-7f3dfcbef000 rw-p 00000000 00:00 0 
7f3dfcbef000-7f3dfcca5000 rw-p 00000000 00:00 0 
7f3dfcca5000-7f3dfcca8000 ---p 00000000 00:00 0 
7f3dfcca8000-7f3dfcdaa000 rw-p 00000000 00:00 0                          [stack:6504]
7f3dfcdb5000-7f3dfcdb6000 rw-p 00000000 00:00 0 
7f3dfcdb6000-7f3dfcdbe000 rw-s 00000000 08:07 2369922                    /tmp/hsperfdata_hai/6498
7f3dfcdbe000-7f3dfcdbf000 rw-p 00000000 00:00 0 
7f3dfcdbf000-7f3dfcdc0000 ---p 00000000 00:00 0 
7f3dfcdc0000-7f3dfcdc2000 rw-p 00000000 00:00 0 
7f3dfcdc2000-7f3dfcdc3000 r--p 00022000 08:07 4063325                    /lib/x86_64-linux-gnu/ld-2.19.so
7f3dfcdc3000-7f3dfcdc4000 rw-p 00023000 08:07 4063325                    /lib/x86_64-linux-gnu/ld-2.19.so
7f3dfcdc4000-7f3dfcdc5000 rw-p 00000000 00:00 0 
7fff72048000-7fff72069000 rw-p 00000000 00:00 0                          [stack]
7fff721a3000-7fff721a5000 r-xp 00000000 00:00 0                          [vdso]
ffffffffff600000-ffffffffff601000 r-xp 00000000 00:00 0                  [vsyscall]

VM Arguments:
jvm_args: -Dfile.encoding=UTF-8 
java_command: wsn.WsN
Launcher Type: SUN_STANDARD

Environment Variables:
PATH=/usr/local/sbin:/usr/local/bin:/usr/sbin:/usr/bin:/sbin:/bin:/usr/games:/usr/local/games
LD_LIBRARY_PATH=/usr/lib/jvm/java-7-oracle/jre/lib/amd64:/usr/lib/jvm/java-7-oracle/jre/lib/i386:
SHELL=/bin/bash
DISPLAY=:0

Signal Handlers:
SIGSEGV: [libjvm.so+0x9a1a10], sa_mask[0]=0x7ffbfeff, sa_flags=0x10000004
SIGBUS: [libjvm.so+0x9a1a10], sa_mask[0]=0x7ffbfeff, sa_flags=0x10000004
SIGFPE: [libjvm.so+0x81bae0], sa_mask[0]=0x7ffbfeff, sa_flags=0x10000004
SIGPIPE: [libjvm.so+0x81bae0], sa_mask[0]=0x7ffbfeff, sa_flags=0x10000004
SIGXFSZ: [libjvm.so+0x81bae0], sa_mask[0]=0x7ffbfeff, sa_flags=0x10000004
SIGILL: [libjvm.so+0x81bae0], sa_mask[0]=0x7ffbfeff, sa_flags=0x10000004
SIGUSR1: SIG_DFL, sa_mask[0]=0x00000000, sa_flags=0x00000000
SIGUSR2: [libjvm.so+0x81d2e0], sa_mask[0]=0x00000004, sa_flags=0x10000004
SIGHUP: [libjvm.so+0x81e400], sa_mask[0]=0x7ffbfeff, sa_flags=0x10000004
SIGINT: SIG_IGN, sa_mask[0]=0x00000000, sa_flags=0x00000000
SIGTERM: [libjvm.so+0x81e400], sa_mask[0]=0x7ffbfeff, sa_flags=0x10000004
SIGQUIT: [libjvm.so+0x81e400], sa_mask[0]=0x7ffbfeff, sa_flags=0x10000004


---------------  S Y S T E M  ---------------

OS:jessie/sid

uname:Linux 3.13.0-37-generic #64-Ubuntu SMP Mon Sep 22 21:28:38 UTC 2014 x86_64
libc:glibc 2.19 NPTL 2.19 
rlimit: STACK 8192k, CORE 0k, NPROC 30720, NOFILE 4096, AS infinity
load average:2,12 1,85 1,80

/proc/meminfo:
MemTotal:        3953828 kB
MemFree:          136980 kB
Buffers:            1064 kB
Cached:           398960 kB
SwapCached:            0 kB
Active:          3273780 kB
Inactive:         365544 kB
Active(anon):    3249644 kB
Inactive(anon):   327036 kB
Active(file):      24136 kB
Inactive(file):    38508 kB
Unevictable:          60 kB
Mlocked:              60 kB
SwapTotal:             0 kB
SwapFree:              0 kB
Dirty:               320 kB
Writeback:             0 kB
AnonPages:       3239696 kB
Mapped:           195704 kB
Shmem:            337044 kB
Slab:              53564 kB
SReclaimable:      23564 kB
SUnreclaim:        30000 kB
KernelStack:        4688 kB
PageTables:        43668 kB
NFS_Unstable:          0 kB
Bounce:                0 kB
WritebackTmp:          0 kB
CommitLimit:     1976912 kB
Committed_AS:    7762772 kB
VmallocTotal:   34359738367 kB
VmallocUsed:      346992 kB
VmallocChunk:   34359383516 kB
HardwareCorrupted:     0 kB
AnonHugePages:   1275904 kB
HugePages_Total:       0
HugePages_Free:        0
HugePages_Rsvd:        0
HugePages_Surp:        0
Hugepagesize:       2048 kB
DirectMap4k:       65824 kB
DirectMap2M:     4034560 kB


CPU:total 2 (2 cores per cpu, 1 threads per core) family 6 model 42 stepping 7, cmov, cx8, fxsr, mmx, sse, sse2, sse3, ssse3, sse4.1, sse4.2, popcnt, tsc, tscinvbit

/proc/cpuinfo:
processor	: 0
vendor_id	: GenuineIntel
cpu family	: 6
model		: 42
model name	: Intel(R) Pentium(R) CPU B960 @ 2.20GHz
stepping	: 7
microcode	: 0x1b
cpu MHz		: 2200.000
cache size	: 2048 KB
physical id	: 0
siblings	: 2
core id		: 0
cpu cores	: 2
apicid		: 0
initial apicid	: 0
fpu		: yes
fpu_exception	: yes
cpuid level	: 13
wp		: yes
flags		: fpu vme de pse tsc msr pae mce cx8 apic sep mtrr pge mca cmov pat pse36 clflush dts acpi mmx fxsr sse sse2 ss ht tm pbe syscall nx rdtscp lm constant_tsc arch_perfmon pebs bts rep_good nopl xtopology nonstop_tsc aperfmperf eagerfpu pni pclmulqdq dtes64 monitor ds_cpl est tm2 ssse3 cx16 xtpr pdcm pcid sse4_1 sse4_2 x2apic popcnt tsc_deadline_timer xsave lahf_lm arat epb xsaveopt pln pts dtherm
bogomips	: 4390.02
clflush size	: 64
cache_alignment	: 64
address sizes	: 36 bits physical, 48 bits virtual
power management:

processor	: 1
vendor_id	: GenuineIntel
cpu family	: 6
model		: 42
model name	: Intel(R) Pentium(R) CPU B960 @ 2.20GHz
stepping	: 7
microcode	: 0x1b
cpu MHz		: 2200.000
cache size	: 2048 KB
physical id	: 0
siblings	: 2
core id		: 1
cpu cores	: 2
apicid		: 2
initial apicid	: 2
fpu		: yes
fpu_exception	: yes
cpuid level	: 13
wp		: yes
flags		: fpu vme de pse tsc msr pae mce cx8 apic sep mtrr pge mca cmov pat pse36 clflush dts acpi mmx fxsr sse sse2 ss ht tm pbe syscall nx rdtscp lm constant_tsc arch_perfmon pebs bts rep_good nopl xtopology nonstop_tsc aperfmperf eagerfpu pni pclmulqdq dtes64 monitor ds_cpl est tm2 ssse3 cx16 xtpr pdcm pcid sse4_1 sse4_2 x2apic popcnt tsc_deadline_timer xsave lahf_lm arat epb xsaveopt pln pts dtherm
bogomips	: 4390.02
clflush size	: 64
cache_alignment	: 64
address sizes	: 36 bits physical, 48 bits virtual
power management:



Memory: 4k page, physical 3953828k(136980k free), swap 0k(0k free)

vm_info: Java HotSpot(TM) 64-Bit Server VM (24.72-b04) for linux-amd64 JRE (1.7.0_72-b14), built on Sep 26 2014 18:20:41 by "java_re" with gcc 4.3.0 20080428 (Red Hat 4.3.0-8)

time: Sun Dec 21 21:53:30 2014
elapsed time: 4 seconds

